[0.111s] DEBUG:colcon:Command line arguments: ['/usr/lib/python3/dist-packages/colcon/__main__.py', 'build', '--cmake-args', '-DPYTHON_EXECUTABLE=/usr/bin/python3.12', '-DPython3_EXECUTABLE=/usr/bin/python3.12', '-DROSIDL_GENERATOR_PY_PYTHON_EXECUTABLE=/usr/bin/python3.12']
[0.111s] DEBUG:colcon:Parsed command line arguments: Namespace(log_base=None, log_level=None, verb_name='build', build_base='build', install_base='install', merge_install=False, symlink_install=False, test_result_base=None, continue_on_error=False, executor='parallel', parallel_workers=8, event_handlers=None, ignore_user_meta=False, metas=['./colcon.meta'], base_paths=['.'], packages_ignore=None, packages_ignore_regex=None, paths=None, packages_up_to=None, packages_up_to_regex=None, packages_above=None, packages_above_and_dependencies=None, packages_above_depth=None, packages_select_by_dep=None, packages_skip_by_dep=None, packages_skip_up_to=None, packages_select_build_failed=False, packages_skip_build_finished=False, packages_select_test_failures=False, packages_skip_test_passed=False, packages_select=None, packages_skip=None, packages_select_regex=None, packages_skip_regex=None, packages_start=None, packages_end=None, allow_overriding=[], cmake_args=['-DPYTHON_EXECUTABLE=/usr/bin/python3.12', '-DPython3_EXECUTABLE=/usr/bin/python3.12', '-DROSIDL_GENERATOR_PY_PYTHON_EXECUTABLE=/usr/bin/python3.12'], cmake_target=None, cmake_target_skip_unavailable=False, cmake_clean_cache=False, cmake_clean_first=False, cmake_force_configure=False, ament_cmake_args=None, catkin_cmake_args=None, catkin_skip_building_tests=False, verb_parser=<colcon_defaults.argument_parser.defaults.DefaultArgumentsDecorator object at 0x7bdcb3e6fb90>, verb_extension=<colcon_core.verb.build.BuildVerb object at 0x7bdcb3e6f9e0>, main=<bound method BuildVerb.main of <colcon_core.verb.build.BuildVerb object at 0x7bdcb3e6f9e0>>)
[0.142s] Level 1:colcon.colcon_core.package_discovery:discover_packages(colcon_meta) check parameters
[0.143s] Level 1:colcon.colcon_core.package_discovery:discover_packages(recursive) check parameters
[0.143s] Level 1:colcon.colcon_core.package_discovery:discover_packages(ignore) check parameters
[0.143s] Level 1:colcon.colcon_core.package_discovery:discover_packages(path) check parameters
[0.143s] Level 1:colcon.colcon_core.package_discovery:discover_packages(colcon_meta) discover
[0.143s] Level 1:colcon.colcon_core.package_discovery:discover_packages(recursive) discover
[0.143s] INFO:colcon.colcon_core.package_discovery:Crawling recursively for packages in '/home/noor/gps_ws'
[0.143s] Level 1:colcon.colcon_core.package_identification:_identify(.) by extensions ['ignore', 'ignore_ament_install']
[0.143s] Level 1:colcon.colcon_core.package_identification:_identify(.) by extension 'ignore'
[0.143s] Level 1:colcon.colcon_core.package_identification:_identify(.) by extension 'ignore_ament_install'
[0.143s] Level 1:colcon.colcon_core.package_identification:_identify(.) by extensions ['colcon_pkg']
[0.143s] Level 1:colcon.colcon_core.package_identification:_identify(.) by extension 'colcon_pkg'
[0.143s] Level 1:colcon.colcon_core.package_identification:_identify(.) by extensions ['colcon_meta']
[0.143s] Level 1:colcon.colcon_core.package_identification:_identify(.) by extension 'colcon_meta'
[0.143s] Level 1:colcon.colcon_core.package_identification:_identify(.) by extensions ['ros']
[0.143s] Level 1:colcon.colcon_core.package_identification:_identify(.) by extension 'ros'
[0.164s] Level 1:colcon.colcon_core.package_identification:_identify(.) by extensions ['cmake', 'python']
[0.164s] Level 1:colcon.colcon_core.package_identification:_identify(.) by extension 'cmake'
[0.164s] Level 1:colcon.colcon_core.package_identification:_identify(.) by extension 'python'
[0.164s] Level 1:colcon.colcon_core.package_identification:_identify(.) by extensions ['python_setup_py']
[0.164s] Level 1:colcon.colcon_core.package_identification:_identify(.) by extension 'python_setup_py'
[0.164s] Level 1:colcon.colcon_core.package_identification:_identify(build) by extensions ['ignore', 'ignore_ament_install']
[0.164s] Level 1:colcon.colcon_core.package_identification:_identify(build) by extension 'ignore'
[0.164s] Level 1:colcon.colcon_core.package_identification:_identify(build) ignored
[0.164s] Level 1:colcon.colcon_core.package_identification:_identify(install) by extensions ['ignore', 'ignore_ament_install']
[0.164s] Level 1:colcon.colcon_core.package_identification:_identify(install) by extension 'ignore'
[0.164s] Level 1:colcon.colcon_core.package_identification:_identify(install) ignored
[0.165s] Level 1:colcon.colcon_core.package_identification:_identify(log) by extensions ['ignore', 'ignore_ament_install']
[0.165s] Level 1:colcon.colcon_core.package_identification:_identify(log) by extension 'ignore'
[0.165s] Level 1:colcon.colcon_core.package_identification:_identify(log) ignored
[0.165s] Level 1:colcon.colcon_core.package_identification:_identify(src) by extensions ['ignore', 'ignore_ament_install']
[0.165s] Level 1:colcon.colcon_core.package_identification:_identify(src) by extension 'ignore'
[0.165s] Level 1:colcon.colcon_core.package_identification:_identify(src) by extension 'ignore_ament_install'
[0.165s] Level 1:colcon.colcon_core.package_identification:_identify(src) by extensions ['colcon_pkg']
[0.165s] Level 1:colcon.colcon_core.package_identification:_identify(src) by extension 'colcon_pkg'
[0.165s] Level 1:colcon.colcon_core.package_identification:_identify(src) by extensions ['colcon_meta']
[0.165s] Level 1:colcon.colcon_core.package_identification:_identify(src) by extension 'colcon_meta'
[0.165s] Level 1:colcon.colcon_core.package_identification:_identify(src) by extensions ['ros']
[0.165s] Level 1:colcon.colcon_core.package_identification:_identify(src) by extension 'ros'
[0.165s] Level 1:colcon.colcon_core.package_identification:_identify(src) by extensions ['cmake', 'python']
[0.165s] Level 1:colcon.colcon_core.package_identification:_identify(src) by extension 'cmake'
[0.165s] Level 1:colcon.colcon_core.package_identification:_identify(src) by extension 'python'
[0.165s] Level 1:colcon.colcon_core.package_identification:_identify(src) by extensions ['python_setup_py']
[0.165s] Level 1:colcon.colcon_core.package_identification:_identify(src) by extension 'python_setup_py'
[0.165s] Level 1:colcon.colcon_core.package_identification:_identify(src/gps_catcher) by extensions ['ignore', 'ignore_ament_install']
[0.165s] Level 1:colcon.colcon_core.package_identification:_identify(src/gps_catcher) by extension 'ignore'
[0.165s] Level 1:colcon.colcon_core.package_identification:_identify(src/gps_catcher) by extension 'ignore_ament_install'
[0.165s] Level 1:colcon.colcon_core.package_identification:_identify(src/gps_catcher) by extensions ['colcon_pkg']
[0.165s] Level 1:colcon.colcon_core.package_identification:_identify(src/gps_catcher) by extension 'colcon_pkg'
[0.165s] Level 1:colcon.colcon_core.package_identification:_identify(src/gps_catcher) by extensions ['colcon_meta']
[0.165s] Level 1:colcon.colcon_core.package_identification:_identify(src/gps_catcher) by extension 'colcon_meta'
[0.165s] Level 1:colcon.colcon_core.package_identification:_identify(src/gps_catcher) by extensions ['ros']
[0.165s] Level 1:colcon.colcon_core.package_identification:_identify(src/gps_catcher) by extension 'ros'
[0.168s] DEBUG:colcon.colcon_core.package_identification:Package 'src/gps_catcher' with type 'ros.ament_python' and name 'gps_catcher'
[0.168s] Level 1:colcon.colcon_core.package_identification:_identify(src/px4_msgs) by extensions ['ignore', 'ignore_ament_install']
[0.168s] Level 1:colcon.colcon_core.package_identification:_identify(src/px4_msgs) by extension 'ignore'
[0.168s] Level 1:colcon.colcon_core.package_identification:_identify(src/px4_msgs) by extension 'ignore_ament_install'
[0.168s] Level 1:colcon.colcon_core.package_identification:_identify(src/px4_msgs) by extensions ['colcon_pkg']
[0.168s] Level 1:colcon.colcon_core.package_identification:_identify(src/px4_msgs) by extension 'colcon_pkg'
[0.169s] Level 1:colcon.colcon_core.package_identification:_identify(src/px4_msgs) by extensions ['colcon_meta']
[0.169s] Level 1:colcon.colcon_core.package_identification:_identify(src/px4_msgs) by extension 'colcon_meta'
[0.169s] Level 1:colcon.colcon_core.package_identification:_identify(src/px4_msgs) by extensions ['ros']
[0.169s] Level 1:colcon.colcon_core.package_identification:_identify(src/px4_msgs) by extension 'ros'
[0.169s] DEBUG:colcon.colcon_core.package_identification:Package 'src/px4_msgs' with type 'ros.ament_cmake' and name 'px4_msgs'
[0.169s] Level 1:colcon.colcon_core.package_discovery:discover_packages(recursive) using defaults
[0.169s] Level 1:colcon.colcon_core.package_discovery:discover_packages(ignore) discover
[0.169s] Level 1:colcon.colcon_core.package_discovery:discover_packages(ignore) using defaults
[0.169s] Level 1:colcon.colcon_core.package_discovery:discover_packages(path) discover
[0.169s] Level 1:colcon.colcon_core.package_discovery:discover_packages(path) using defaults
[0.184s] Level 1:colcon.colcon_core.package_discovery:discover_packages(prefix_path) check parameters
[0.184s] Level 1:colcon.colcon_core.package_discovery:discover_packages(prefix_path) discover
[0.184s] WARNING:colcon.colcon_ros.prefix_path.ament:The path '/home/noor/gps_ws/install/gps_catcher' in the environment variable AMENT_PREFIX_PATH doesn't exist
[0.184s] WARNING:colcon.colcon_ros.prefix_path.ament:The path '/home/noor/gps_ws/install/px4_msgs' in the environment variable AMENT_PREFIX_PATH doesn't exist
[0.184s] WARNING:colcon.colcon_ros.prefix_path.catkin:The path '/home/noor/gps_ws/install/px4_msgs' in the environment variable CMAKE_PREFIX_PATH doesn't exist
[0.185s] DEBUG:colcon.colcon_installed_package_information.package_discovery:Found 0 installed packages in /home/noor/gps_ws/install
[0.186s] DEBUG:colcon.colcon_installed_package_information.package_discovery:Found 319 installed packages in /opt/ros/jazzy
[0.187s] Level 1:colcon.colcon_core.package_discovery:discover_packages(prefix_path) using defaults
[0.220s] Level 5:colcon.colcon_core.verb:set package 'px4_msgs' build argument 'cmake_args' from command line to '['-DPYTHON_EXECUTABLE=/usr/bin/python3.12', '-DPython3_EXECUTABLE=/usr/bin/python3.12', '-DROSIDL_GENERATOR_PY_PYTHON_EXECUTABLE=/usr/bin/python3.12']'
[0.221s] Level 5:colcon.colcon_core.verb:set package 'px4_msgs' build argument 'cmake_target' from command line to 'None'
[0.221s] Level 5:colcon.colcon_core.verb:set package 'px4_msgs' build argument 'cmake_target_skip_unavailable' from command line to 'False'
[0.221s] Level 5:colcon.colcon_core.verb:set package 'px4_msgs' build argument 'cmake_clean_cache' from command line to 'False'
[0.221s] Level 5:colcon.colcon_core.verb:set package 'px4_msgs' build argument 'cmake_clean_first' from command line to 'False'
[0.221s] Level 5:colcon.colcon_core.verb:set package 'px4_msgs' build argument 'cmake_force_configure' from command line to 'False'
[0.221s] Level 5:colcon.colcon_core.verb:set package 'px4_msgs' build argument 'ament_cmake_args' from command line to 'None'
[0.221s] Level 5:colcon.colcon_core.verb:set package 'px4_msgs' build argument 'catkin_cmake_args' from command line to 'None'
[0.221s] Level 5:colcon.colcon_core.verb:set package 'px4_msgs' build argument 'catkin_skip_building_tests' from command line to 'False'
[0.221s] DEBUG:colcon.colcon_core.verb:Building package 'px4_msgs' with the following arguments: {'ament_cmake_args': None, 'build_base': '/home/noor/gps_ws/build/px4_msgs', 'catkin_cmake_args': None, 'catkin_skip_building_tests': False, 'cmake_args': ['-DPYTHON_EXECUTABLE=/usr/bin/python3.12', '-DPython3_EXECUTABLE=/usr/bin/python3.12', '-DROSIDL_GENERATOR_PY_PYTHON_EXECUTABLE=/usr/bin/python3.12'], 'cmake_clean_cache': False, 'cmake_clean_first': False, 'cmake_force_configure': False, 'cmake_target': None, 'cmake_target_skip_unavailable': False, 'install_base': '/home/noor/gps_ws/install/px4_msgs', 'merge_install': False, 'path': '/home/noor/gps_ws/src/px4_msgs', 'symlink_install': False, 'test_result_base': None}
[0.221s] Level 5:colcon.colcon_core.verb:set package 'gps_catcher' build argument 'cmake_args' from command line to '['-DPYTHON_EXECUTABLE=/usr/bin/python3.12', '-DPython3_EXECUTABLE=/usr/bin/python3.12', '-DROSIDL_GENERATOR_PY_PYTHON_EXECUTABLE=/usr/bin/python3.12']'
[0.221s] Level 5:colcon.colcon_core.verb:set package 'gps_catcher' build argument 'cmake_target' from command line to 'None'
[0.221s] Level 5:colcon.colcon_core.verb:set package 'gps_catcher' build argument 'cmake_target_skip_unavailable' from command line to 'False'
[0.221s] Level 5:colcon.colcon_core.verb:set package 'gps_catcher' build argument 'cmake_clean_cache' from command line to 'False'
[0.221s] Level 5:colcon.colcon_core.verb:set package 'gps_catcher' build argument 'cmake_clean_first' from command line to 'False'
[0.221s] Level 5:colcon.colcon_core.verb:set package 'gps_catcher' build argument 'cmake_force_configure' from command line to 'False'
[0.221s] Level 5:colcon.colcon_core.verb:set package 'gps_catcher' build argument 'ament_cmake_args' from command line to 'None'
[0.221s] Level 5:colcon.colcon_core.verb:set package 'gps_catcher' build argument 'catkin_cmake_args' from command line to 'None'
[0.221s] Level 5:colcon.colcon_core.verb:set package 'gps_catcher' build argument 'catkin_skip_building_tests' from command line to 'False'
[0.221s] DEBUG:colcon.colcon_core.verb:Building package 'gps_catcher' with the following arguments: {'ament_cmake_args': None, 'build_base': '/home/noor/gps_ws/build/gps_catcher', 'catkin_cmake_args': None, 'catkin_skip_building_tests': False, 'cmake_args': ['-DPYTHON_EXECUTABLE=/usr/bin/python3.12', '-DPython3_EXECUTABLE=/usr/bin/python3.12', '-DROSIDL_GENERATOR_PY_PYTHON_EXECUTABLE=/usr/bin/python3.12'], 'cmake_clean_cache': False, 'cmake_clean_first': False, 'cmake_force_configure': False, 'cmake_target': None, 'cmake_target_skip_unavailable': False, 'install_base': '/home/noor/gps_ws/install/gps_catcher', 'merge_install': False, 'path': '/home/noor/gps_ws/src/gps_catcher', 'symlink_install': False, 'test_result_base': None}
[0.221s] INFO:colcon.colcon_core.executor:Executing jobs using 'parallel' executor
[0.222s] DEBUG:colcon.colcon_parallel_executor.executor.parallel:run_until_complete
[0.223s] INFO:colcon.colcon_ros.task.ament_cmake.build:Building ROS package in '/home/noor/gps_ws/src/px4_msgs' with build type 'ament_cmake'
[0.223s] INFO:colcon.colcon_cmake.task.cmake.build:Building CMake package in '/home/noor/gps_ws/src/px4_msgs'
[0.224s] INFO:colcon.colcon_core.plugin_system:Skipping extension 'colcon_core.shell.bat': Not used on non-Windows systems
[0.225s] INFO:colcon.colcon_core.shell:Skip shell extension 'powershell' for command environment: Not usable outside of PowerShell
[0.225s] DEBUG:colcon.colcon_core.shell:Skip shell extension 'dsv' for command environment
[0.231s] DEBUG:colcon.colcon_core.event_handler.log_command:Invoking command in '/home/noor/gps_ws/build/px4_msgs': CMAKE_PREFIX_PATH=${CMAKE_PREFIX_PATH}:/opt/ros/jazzy:/home/noor/gps_ws/install/gps_catcher DEBUGINFOD_URLS=https://debuginfod.ubuntu.com /usr/bin/cmake /home/noor/gps_ws/src/px4_msgs -DPYTHON_EXECUTABLE=/usr/bin/python3.12 -DPython3_EXECUTABLE=/usr/bin/python3.12 -DROSIDL_GENERATOR_PY_PYTHON_EXECUTABLE=/usr/bin/python3.12 -DCMAKE_INSTALL_PREFIX=/home/noor/gps_ws/install/px4_msgs
[4.581s] DEBUG:colcon.colcon_core.event_handler.log_command:Invoked command in '/home/noor/gps_ws/build/px4_msgs' returned '0': CMAKE_PREFIX_PATH=${CMAKE_PREFIX_PATH}:/opt/ros/jazzy:/home/noor/gps_ws/install/gps_catcher DEBUGINFOD_URLS=https://debuginfod.ubuntu.com /usr/bin/cmake /home/noor/gps_ws/src/px4_msgs -DPYTHON_EXECUTABLE=/usr/bin/python3.12 -DPython3_EXECUTABLE=/usr/bin/python3.12 -DROSIDL_GENERATOR_PY_PYTHON_EXECUTABLE=/usr/bin/python3.12 -DCMAKE_INSTALL_PREFIX=/home/noor/gps_ws/install/px4_msgs
[4.582s] DEBUG:colcon.colcon_core.event_handler.log_command:Invoking command in '/home/noor/gps_ws/build/px4_msgs': CMAKE_PREFIX_PATH=${CMAKE_PREFIX_PATH}:/opt/ros/jazzy:/home/noor/gps_ws/install/gps_catcher DEBUGINFOD_URLS=https://debuginfod.ubuntu.com /usr/bin/cmake --build /home/noor/gps_ws/build/px4_msgs -- -j8 -l8
[453.917s] DEBUG:colcon.colcon_core.event_handler.log_command:Invoked command in '/home/noor/gps_ws/build/px4_msgs' returned '0': CMAKE_PREFIX_PATH=${CMAKE_PREFIX_PATH}:/opt/ros/jazzy:/home/noor/gps_ws/install/gps_catcher DEBUGINFOD_URLS=https://debuginfod.ubuntu.com /usr/bin/cmake --build /home/noor/gps_ws/build/px4_msgs -- -j8 -l8
[453.937s] DEBUG:colcon.colcon_core.event_handler.log_command:Invoking command in '/home/noor/gps_ws/build/px4_msgs': CMAKE_PREFIX_PATH=${CMAKE_PREFIX_PATH}:/opt/ros/jazzy:/home/noor/gps_ws/install/gps_catcher DEBUGINFOD_URLS=https://debuginfod.ubuntu.com /usr/bin/cmake --install /home/noor/gps_ws/build/px4_msgs
[455.327s] Level 1:colcon.colcon_core.environment:create_environment_scripts_only(px4_msgs)
[455.328s] DEBUG:colcon.colcon_core.event_handler.log_command:Invoked command in '/home/noor/gps_ws/build/px4_msgs' returned '0': CMAKE_PREFIX_PATH=${CMAKE_PREFIX_PATH}:/opt/ros/jazzy:/home/noor/gps_ws/install/gps_catcher DEBUGINFOD_URLS=https://debuginfod.ubuntu.com /usr/bin/cmake --install /home/noor/gps_ws/build/px4_msgs
[455.330s] Level 1:colcon.colcon_core.environment:checking '/home/noor/gps_ws/install/px4_msgs' for CMake module files
[455.330s] Level 1:colcon.colcon_core.environment:checking '/home/noor/gps_ws/install/px4_msgs' for CMake config files
[455.334s] Level 1:colcon.colcon_core.shell:create_environment_hook('px4_msgs', 'cmake_prefix_path')
[455.334s] INFO:colcon.colcon_core.shell:Creating environment hook '/home/noor/gps_ws/install/px4_msgs/share/px4_msgs/hook/cmake_prefix_path.ps1'
[455.335s] INFO:colcon.colcon_core.shell:Creating environment descriptor '/home/noor/gps_ws/install/px4_msgs/share/px4_msgs/hook/cmake_prefix_path.dsv'
[455.335s] INFO:colcon.colcon_core.shell:Creating environment hook '/home/noor/gps_ws/install/px4_msgs/share/px4_msgs/hook/cmake_prefix_path.sh'
[455.336s] Level 1:colcon.colcon_core.environment:checking '/home/noor/gps_ws/install/px4_msgs/lib'
[455.336s] Level 1:colcon.colcon_core.shell:create_environment_hook('px4_msgs', 'ld_library_path_lib')
[455.336s] INFO:colcon.colcon_core.shell:Creating environment hook '/home/noor/gps_ws/install/px4_msgs/share/px4_msgs/hook/ld_library_path_lib.ps1'
[455.337s] INFO:colcon.colcon_core.shell:Creating environment descriptor '/home/noor/gps_ws/install/px4_msgs/share/px4_msgs/hook/ld_library_path_lib.dsv'
[455.337s] INFO:colcon.colcon_core.shell:Creating environment hook '/home/noor/gps_ws/install/px4_msgs/share/px4_msgs/hook/ld_library_path_lib.sh'
[455.337s] Level 1:colcon.colcon_core.environment:checking '/home/noor/gps_ws/install/px4_msgs/bin'
[455.337s] Level 1:colcon.colcon_core.environment:checking '/home/noor/gps_ws/install/px4_msgs/lib/pkgconfig/px4_msgs.pc'
[455.337s] Level 1:colcon.colcon_core.environment:checking '/home/noor/gps_ws/install/px4_msgs/lib/python3.12/site-packages'
[455.337s] Level 1:colcon.colcon_core.shell:create_environment_hook('px4_msgs', 'pythonpath')
[455.338s] INFO:colcon.colcon_core.shell:Creating environment hook '/home/noor/gps_ws/install/px4_msgs/share/px4_msgs/hook/pythonpath.ps1'
[455.338s] INFO:colcon.colcon_core.shell:Creating environment descriptor '/home/noor/gps_ws/install/px4_msgs/share/px4_msgs/hook/pythonpath.dsv'
[455.338s] INFO:colcon.colcon_core.shell:Creating environment hook '/home/noor/gps_ws/install/px4_msgs/share/px4_msgs/hook/pythonpath.sh'
[455.339s] Level 1:colcon.colcon_core.environment:checking '/home/noor/gps_ws/install/px4_msgs/bin'
[455.339s] INFO:colcon.colcon_core.shell:Creating package script '/home/noor/gps_ws/install/px4_msgs/share/px4_msgs/package.ps1'
[455.340s] INFO:colcon.colcon_core.shell:Creating package descriptor '/home/noor/gps_ws/install/px4_msgs/share/px4_msgs/package.dsv'
[455.340s] INFO:colcon.colcon_core.shell:Creating package script '/home/noor/gps_ws/install/px4_msgs/share/px4_msgs/package.sh'
[455.341s] INFO:colcon.colcon_core.shell:Creating package script '/home/noor/gps_ws/install/px4_msgs/share/px4_msgs/package.bash'
[455.341s] INFO:colcon.colcon_core.shell:Creating package script '/home/noor/gps_ws/install/px4_msgs/share/px4_msgs/package.zsh'
[455.341s] Level 1:colcon.colcon_core.environment:create_file_with_runtime_dependencies(/home/noor/gps_ws/install/px4_msgs/share/colcon-core/packages/px4_msgs)
[455.342s] Level 1:colcon.colcon_core.environment:create_environment_scripts_only(px4_msgs)
[455.342s] Level 1:colcon.colcon_core.environment:checking '/home/noor/gps_ws/install/px4_msgs' for CMake module files
[455.343s] Level 1:colcon.colcon_core.environment:checking '/home/noor/gps_ws/install/px4_msgs' for CMake config files
[455.346s] Level 1:colcon.colcon_core.shell:create_environment_hook('px4_msgs', 'cmake_prefix_path')
[455.347s] INFO:colcon.colcon_core.shell:Creating environment hook '/home/noor/gps_ws/install/px4_msgs/share/px4_msgs/hook/cmake_prefix_path.ps1'
[455.347s] INFO:colcon.colcon_core.shell:Creating environment descriptor '/home/noor/gps_ws/install/px4_msgs/share/px4_msgs/hook/cmake_prefix_path.dsv'
[455.347s] INFO:colcon.colcon_core.shell:Creating environment hook '/home/noor/gps_ws/install/px4_msgs/share/px4_msgs/hook/cmake_prefix_path.sh'
[455.348s] Level 1:colcon.colcon_core.environment:checking '/home/noor/gps_ws/install/px4_msgs/lib'
[455.348s] Level 1:colcon.colcon_core.shell:create_environment_hook('px4_msgs', 'ld_library_path_lib')
[455.348s] INFO:colcon.colcon_core.shell:Creating environment hook '/home/noor/gps_ws/install/px4_msgs/share/px4_msgs/hook/ld_library_path_lib.ps1'
[455.349s] INFO:colcon.colcon_core.shell:Creating environment descriptor '/home/noor/gps_ws/install/px4_msgs/share/px4_msgs/hook/ld_library_path_lib.dsv'
[455.349s] INFO:colcon.colcon_core.shell:Creating environment hook '/home/noor/gps_ws/install/px4_msgs/share/px4_msgs/hook/ld_library_path_lib.sh'
[455.349s] Level 1:colcon.colcon_core.environment:checking '/home/noor/gps_ws/install/px4_msgs/bin'
[455.349s] Level 1:colcon.colcon_core.environment:checking '/home/noor/gps_ws/install/px4_msgs/lib/pkgconfig/px4_msgs.pc'
[455.349s] Level 1:colcon.colcon_core.environment:checking '/home/noor/gps_ws/install/px4_msgs/lib/python3.12/site-packages'
[455.350s] Level 1:colcon.colcon_core.shell:create_environment_hook('px4_msgs', 'pythonpath')
[455.350s] INFO:colcon.colcon_core.shell:Creating environment hook '/home/noor/gps_ws/install/px4_msgs/share/px4_msgs/hook/pythonpath.ps1'
[455.350s] INFO:colcon.colcon_core.shell:Creating environment descriptor '/home/noor/gps_ws/install/px4_msgs/share/px4_msgs/hook/pythonpath.dsv'
[455.350s] INFO:colcon.colcon_core.shell:Creating environment hook '/home/noor/gps_ws/install/px4_msgs/share/px4_msgs/hook/pythonpath.sh'
[455.351s] Level 1:colcon.colcon_core.environment:checking '/home/noor/gps_ws/install/px4_msgs/bin'
[455.351s] INFO:colcon.colcon_core.shell:Creating package script '/home/noor/gps_ws/install/px4_msgs/share/px4_msgs/package.ps1'
[455.352s] INFO:colcon.colcon_core.shell:Creating package descriptor '/home/noor/gps_ws/install/px4_msgs/share/px4_msgs/package.dsv'
[455.352s] INFO:colcon.colcon_core.shell:Creating package script '/home/noor/gps_ws/install/px4_msgs/share/px4_msgs/package.sh'
[455.353s] INFO:colcon.colcon_core.shell:Creating package script '/home/noor/gps_ws/install/px4_msgs/share/px4_msgs/package.bash'
[455.353s] INFO:colcon.colcon_core.shell:Creating package script '/home/noor/gps_ws/install/px4_msgs/share/px4_msgs/package.zsh'
[455.353s] Level 1:colcon.colcon_core.environment:create_file_with_runtime_dependencies(/home/noor/gps_ws/install/px4_msgs/share/colcon-core/packages/px4_msgs)
[455.353s] INFO:colcon.colcon_ros.task.ament_python.build:Building ROS package in '/home/noor/gps_ws/src/gps_catcher' with build type 'ament_python'
[455.353s] Level 1:colcon.colcon_core.shell:create_environment_hook('gps_catcher', 'ament_prefix_path')
[455.354s] INFO:colcon.colcon_core.shell:Creating environment hook '/home/noor/gps_ws/install/gps_catcher/share/gps_catcher/hook/ament_prefix_path.ps1'
[455.354s] INFO:colcon.colcon_core.shell:Creating environment descriptor '/home/noor/gps_ws/install/gps_catcher/share/gps_catcher/hook/ament_prefix_path.dsv'
[455.355s] INFO:colcon.colcon_core.shell:Creating environment hook '/home/noor/gps_ws/install/gps_catcher/share/gps_catcher/hook/ament_prefix_path.sh'
[455.355s] INFO:colcon.colcon_core.shell:Skip shell extension 'powershell' for command environment: Not usable outside of PowerShell
[455.355s] DEBUG:colcon.colcon_core.shell:Skip shell extension 'dsv' for command environment
[455.563s] INFO:colcon.colcon_core.task.python.build:Building Python package in '/home/noor/gps_ws/src/gps_catcher'
[455.563s] INFO:colcon.colcon_core.shell:Skip shell extension 'powershell' for command environment: Not usable outside of PowerShell
[455.563s] DEBUG:colcon.colcon_core.shell:Skip shell extension 'dsv' for command environment
[456.116s] DEBUG:colcon.colcon_core.event_handler.log_command:Invoking command in '/home/noor/gps_ws/src/gps_catcher': CMAKE_PREFIX_PATH=/home/noor/gps_ws/install/px4_msgs:/opt/ros/jazzy/opt/gz_sim_vendor:/opt/ros/jazzy/opt/gz_sensors_vendor:/opt/ros/jazzy/opt/gz_physics_vendor:/opt/ros/jazzy/opt/sdformat_vendor:/opt/ros/jazzy/opt/gz_gui_vendor:/opt/ros/jazzy/opt/gz_transport_vendor:/opt/ros/jazzy/opt/gz_rendering_vendor:/opt/ros/jazzy/opt/gz_plugin_vendor:/opt/ros/jazzy/opt/gz_fuel_tools_vendor:/opt/ros/jazzy/opt/gz_msgs_vendor:/opt/ros/jazzy/opt/gz_common_vendor:/opt/ros/jazzy/opt/gz_math_vendor:/opt/ros/jazzy/opt/gz_utils_vendor:/opt/ros/jazzy/opt/gz_tools_vendor:/opt/ros/jazzy/opt/gz_ogre_next_vendor:/opt/ros/jazzy/opt/gz_dartsim_vendor:/opt/ros/jazzy/opt/gz_cmake_vendor DEBUGINFOD_URLS=https://debuginfod.ubuntu.com LD_LIBRARY_PATH=/home/noor/gps_ws/install/px4_msgs/lib:/opt/ros/jazzy/opt/gz_sim_vendor/lib:/opt/ros/jazzy/opt/gz_sensors_vendor/lib:/opt/ros/jazzy/opt/gz_physics_vendor/lib:/opt/ros/jazzy/opt/sdformat_vendor/lib:/opt/ros/jazzy/opt/rviz_ogre_vendor/lib:/opt/ros/jazzy/lib/x86_64-linux-gnu:/opt/ros/jazzy/opt/gz_gui_vendor/lib:/opt/ros/jazzy/opt/gz_transport_vendor/lib:/opt/ros/jazzy/opt/gz_rendering_vendor/lib:/opt/ros/jazzy/opt/gz_plugin_vendor/lib:/opt/ros/jazzy/opt/gz_fuel_tools_vendor/lib:/opt/ros/jazzy/opt/gz_msgs_vendor/lib:/opt/ros/jazzy/opt/gz_common_vendor/lib:/opt/ros/jazzy/opt/gz_math_vendor/lib:/opt/ros/jazzy/opt/gz_utils_vendor/lib:/opt/ros/jazzy/opt/gz_tools_vendor/lib:/opt/ros/jazzy/opt/gz_ogre_next_vendor/lib:/opt/ros/jazzy/opt/gz_dartsim_vendor/lib:/opt/ros/jazzy/opt/gz_cmake_vendor/lib:/opt/ros/jazzy/lib PYTHONPATH=/home/noor/gps_ws/build/gps_catcher/prefix_override:/usr/lib/python3/dist-packages/colcon_core/task/python/colcon_distutils_commands:/home/noor/gps_ws/install/gps_catcher/lib/python3.12/site-packages:/home/noor/gps_ws/install/px4_msgs/lib/python3.12/site-packages:/home/noor/gps_ws/install/px4_msgs/lib/python3.11/site-packages:/opt/ros/jazzy/lib/python3.12/site-packages:/home/noor/gps_ws/install/gps_catcher/lib/python3.12/site-packages /usr/bin/python3.12 -W ignore:setup.py install is deprecated -W ignore:easy_install command is deprecated setup.py egg_info --egg-base ../../build/gps_catcher build --build-base /home/noor/gps_ws/build/gps_catcher/build install --record /home/noor/gps_ws/build/gps_catcher/install.log --single-version-externally-managed install_data
[456.617s] Level 1:colcon.colcon_core.environment:checking '/home/noor/gps_ws/install/gps_catcher' for CMake module files
[456.618s] DEBUG:colcon.colcon_core.event_handler.log_command:Invoked command in '/home/noor/gps_ws/src/gps_catcher' returned '0': CMAKE_PREFIX_PATH=/home/noor/gps_ws/install/px4_msgs:/opt/ros/jazzy/opt/gz_sim_vendor:/opt/ros/jazzy/opt/gz_sensors_vendor:/opt/ros/jazzy/opt/gz_physics_vendor:/opt/ros/jazzy/opt/sdformat_vendor:/opt/ros/jazzy/opt/gz_gui_vendor:/opt/ros/jazzy/opt/gz_transport_vendor:/opt/ros/jazzy/opt/gz_rendering_vendor:/opt/ros/jazzy/opt/gz_plugin_vendor:/opt/ros/jazzy/opt/gz_fuel_tools_vendor:/opt/ros/jazzy/opt/gz_msgs_vendor:/opt/ros/jazzy/opt/gz_common_vendor:/opt/ros/jazzy/opt/gz_math_vendor:/opt/ros/jazzy/opt/gz_utils_vendor:/opt/ros/jazzy/opt/gz_tools_vendor:/opt/ros/jazzy/opt/gz_ogre_next_vendor:/opt/ros/jazzy/opt/gz_dartsim_vendor:/opt/ros/jazzy/opt/gz_cmake_vendor DEBUGINFOD_URLS=https://debuginfod.ubuntu.com LD_LIBRARY_PATH=/home/noor/gps_ws/install/px4_msgs/lib:/opt/ros/jazzy/opt/gz_sim_vendor/lib:/opt/ros/jazzy/opt/gz_sensors_vendor/lib:/opt/ros/jazzy/opt/gz_physics_vendor/lib:/opt/ros/jazzy/opt/sdformat_vendor/lib:/opt/ros/jazzy/opt/rviz_ogre_vendor/lib:/opt/ros/jazzy/lib/x86_64-linux-gnu:/opt/ros/jazzy/opt/gz_gui_vendor/lib:/opt/ros/jazzy/opt/gz_transport_vendor/lib:/opt/ros/jazzy/opt/gz_rendering_vendor/lib:/opt/ros/jazzy/opt/gz_plugin_vendor/lib:/opt/ros/jazzy/opt/gz_fuel_tools_vendor/lib:/opt/ros/jazzy/opt/gz_msgs_vendor/lib:/opt/ros/jazzy/opt/gz_common_vendor/lib:/opt/ros/jazzy/opt/gz_math_vendor/lib:/opt/ros/jazzy/opt/gz_utils_vendor/lib:/opt/ros/jazzy/opt/gz_tools_vendor/lib:/opt/ros/jazzy/opt/gz_ogre_next_vendor/lib:/opt/ros/jazzy/opt/gz_dartsim_vendor/lib:/opt/ros/jazzy/opt/gz_cmake_vendor/lib:/opt/ros/jazzy/lib PYTHONPATH=/home/noor/gps_ws/build/gps_catcher/prefix_override:/usr/lib/python3/dist-packages/colcon_core/task/python/colcon_distutils_commands:/home/noor/gps_ws/install/gps_catcher/lib/python3.12/site-packages:/home/noor/gps_ws/install/px4_msgs/lib/python3.12/site-packages:/home/noor/gps_ws/install/px4_msgs/lib/python3.11/site-packages:/opt/ros/jazzy/lib/python3.12/site-packages:/home/noor/gps_ws/install/gps_catcher/lib/python3.12/site-packages /usr/bin/python3.12 -W ignore:setup.py install is deprecated -W ignore:easy_install command is deprecated setup.py egg_info --egg-base ../../build/gps_catcher build --build-base /home/noor/gps_ws/build/gps_catcher/build install --record /home/noor/gps_ws/build/gps_catcher/install.log --single-version-externally-managed install_data
[456.618s] Level 1:colcon.colcon_core.environment:checking '/home/noor/gps_ws/install/gps_catcher' for CMake config files
[456.618s] Level 1:colcon.colcon_core.environment:checking '/home/noor/gps_ws/install/gps_catcher/lib'
[456.618s] Level 1:colcon.colcon_core.environment:checking '/home/noor/gps_ws/install/gps_catcher/bin'
[456.618s] Level 1:colcon.colcon_core.environment:checking '/home/noor/gps_ws/install/gps_catcher/lib/pkgconfig/gps_catcher.pc'
[456.619s] Level 1:colcon.colcon_core.environment:checking '/home/noor/gps_ws/install/gps_catcher/lib/python3.12/site-packages'
[456.619s] Level 1:colcon.colcon_core.shell:create_environment_hook('gps_catcher', 'pythonpath')
[456.619s] INFO:colcon.colcon_core.shell:Creating environment hook '/home/noor/gps_ws/install/gps_catcher/share/gps_catcher/hook/pythonpath.ps1'
[456.619s] INFO:colcon.colcon_core.shell:Creating environment descriptor '/home/noor/gps_ws/install/gps_catcher/share/gps_catcher/hook/pythonpath.dsv'
[456.620s] INFO:colcon.colcon_core.shell:Creating environment hook '/home/noor/gps_ws/install/gps_catcher/share/gps_catcher/hook/pythonpath.sh'
[456.620s] Level 1:colcon.colcon_core.environment:checking '/home/noor/gps_ws/install/gps_catcher/bin'
[456.620s] Level 1:colcon.colcon_core.environment:create_environment_scripts_only(gps_catcher)
[456.621s] INFO:colcon.colcon_core.shell:Creating package script '/home/noor/gps_ws/install/gps_catcher/share/gps_catcher/package.ps1'
[456.621s] INFO:colcon.colcon_core.shell:Creating package descriptor '/home/noor/gps_ws/install/gps_catcher/share/gps_catcher/package.dsv'
[456.621s] INFO:colcon.colcon_core.shell:Creating package script '/home/noor/gps_ws/install/gps_catcher/share/gps_catcher/package.sh'
[456.622s] INFO:colcon.colcon_core.shell:Creating package script '/home/noor/gps_ws/install/gps_catcher/share/gps_catcher/package.bash'
[456.622s] INFO:colcon.colcon_core.shell:Creating package script '/home/noor/gps_ws/install/gps_catcher/share/gps_catcher/package.zsh'
[456.622s] Level 1:colcon.colcon_core.environment:create_file_with_runtime_dependencies(/home/noor/gps_ws/install/gps_catcher/share/colcon-core/packages/gps_catcher)
[456.622s] DEBUG:colcon.colcon_parallel_executor.executor.parallel:closing loop
[456.622s] DEBUG:colcon.colcon_parallel_executor.executor.parallel:loop closed
[456.622s] DEBUG:colcon.colcon_parallel_executor.executor.parallel:run_until_complete finished with '0'
[456.623s] DEBUG:colcon.colcon_core.event_reactor:joining thread
[456.628s] INFO:colcon.colcon_core.plugin_system:Skipping extension 'colcon_notification.desktop_notification.terminal_notifier': Not used on non-Darwin systems
[456.628s] INFO:colcon.colcon_core.plugin_system:Skipping extension 'colcon_notification.desktop_notification.win32': Not used on non-Windows systems
[456.628s] INFO:colcon.colcon_notification.desktop_notification:Sending desktop notification using 'notify2'
[456.640s] DEBUG:colcon.colcon_core.event_reactor:joined thread
[456.641s] INFO:colcon.colcon_core.shell:Creating prefix script '/home/noor/gps_ws/install/local_setup.ps1'
[456.641s] INFO:colcon.colcon_core.shell:Creating prefix util module '/home/noor/gps_ws/install/_local_setup_util_ps1.py'
[456.642s] INFO:colcon.colcon_core.shell:Creating prefix chain script '/home/noor/gps_ws/install/setup.ps1'
[456.643s] INFO:colcon.colcon_core.shell:Creating prefix script '/home/noor/gps_ws/install/local_setup.sh'
[456.644s] INFO:colcon.colcon_core.shell:Creating prefix util module '/home/noor/gps_ws/install/_local_setup_util_sh.py'
[456.644s] INFO:colcon.colcon_core.shell:Creating prefix chain script '/home/noor/gps_ws/install/setup.sh'
[456.645s] INFO:colcon.colcon_core.shell:Creating prefix script '/home/noor/gps_ws/install/local_setup.bash'
[456.645s] INFO:colcon.colcon_core.shell:Creating prefix chain script '/home/noor/gps_ws/install/setup.bash'
[456.646s] INFO:colcon.colcon_core.shell:Creating prefix script '/home/noor/gps_ws/install/local_setup.zsh'
[456.646s] INFO:colcon.colcon_core.shell:Creating prefix chain script '/home/noor/gps_ws/install/setup.zsh'
