[0.458s] Invoking command in '/home/noor/gps_ws/build/gps_catcher': AMENT_PREFIX_PATH=/home/noor/gps_ws/install/px4_msgs CMAKE_PREFIX_PATH=/home/noor/gps_ws/install/px4_msgs DEBUGINFOD_URLS=https://debuginfod.ubuntu.com LD_LIBRARY_PATH=/home/noor/gps_ws/install/px4_msgs/lib PYTHONPATH=/home/noor/gps_ws/build/gps_catcher/prefix_override:/usr/lib/python3/dist-packages/colcon_core/task/python/colcon_distutils_commands:/home/noor/gps_ws/install/gps_catcher/lib/python3.12/site-packages:/home/noor/gps_ws/install/px4_msgs/lib/python3.12/site-packages /usr/bin/python3 -W ignore:setup.py install is deprecated -W ignore:easy_install command is deprecated setup.py develop --editable --build-directory /home/noor/gps_ws/build/gps_catcher/build --no-deps symlink_data --force
[0.639s] running develop
[0.722s] running egg_info
[0.730s] writing gps_catcher.egg-info/PKG-INFO
[0.730s] writing dependency_links to gps_catcher.egg-info/dependency_links.txt
[0.730s] writing entry points to gps_catcher.egg-info/entry_points.txt
[0.730s] writing requirements to gps_catcher.egg-info/requires.txt
[0.731s] writing top-level names to gps_catcher.egg-info/top_level.txt
[0.747s] reading manifest file 'gps_catcher.egg-info/SOURCES.txt'
[0.747s] writing manifest file 'gps_catcher.egg-info/SOURCES.txt'
[0.756s] running build_ext
[0.756s] Creating /home/noor/gps_ws/install/gps_catcher/lib/python3.12/site-packages/gps-catcher.egg-link (link to .)
[0.756s] Installing gps_listener script to /home/noor/gps_ws/install/gps_catcher/lib/gps_catcher
[0.756s] Installing hijacker script to /home/noor/gps_ws/install/gps_catcher/lib/gps_catcher
[0.757s] 
[0.757s] Installed /home/noor/gps_ws/build/gps_catcher
[0.757s] running symlink_data
[0.757s] symbolically linking /home/noor/gps_ws/build/gps_catcher/resource/gps_catcher -> /home/noor/gps_ws/install/gps_catcher/share/ament_index/resource_index/packages
[0.757s] symbolically linking /home/noor/gps_ws/build/gps_catcher/package.xml -> /home/noor/gps_ws/install/gps_catcher/share/gps_catcher
[0.786s] Invoked command in '/home/noor/gps_ws/build/gps_catcher' returned '0': AMENT_PREFIX_PATH=/home/noor/gps_ws/install/px4_msgs CMAKE_PREFIX_PATH=/home/noor/gps_ws/install/px4_msgs DEBUGINFOD_URLS=https://debuginfod.ubuntu.com LD_LIBRARY_PATH=/home/noor/gps_ws/install/px4_msgs/lib PYTHONPATH=/home/noor/gps_ws/build/gps_catcher/prefix_override:/usr/lib/python3/dist-packages/colcon_core/task/python/colcon_distutils_commands:/home/noor/gps_ws/install/gps_catcher/lib/python3.12/site-packages:/home/noor/gps_ws/install/px4_msgs/lib/python3.12/site-packages /usr/bin/python3 -W ignore:setup.py install is deprecated -W ignore:easy_install command is deprecated setup.py develop --editable --build-directory /home/noor/gps_ws/build/gps_catcher/build --no-deps symlink_data --force
