/home/noor/gps_ws/install/gps_catcher/lib/python3.12/site-packages/gps_catcher/__init__.py
/home/noor/gps_ws/install/gps_catcher/lib/python3.12/site-packages/gps_catcher/listener.py
/home/noor/gps_ws/install/gps_catcher/lib/python3.12/site-packages/gps_catcher/listener (Copy).py
/home/noor/gps_ws/install/gps_catcher/lib/python3.12/site-packages/gps_catcher/hijacker.py
/home/noor/gps_ws/install/gps_catcher/lib/python3.12/site-packages/gps_catcher/spoofer.py
/home/noor/gps_ws/install/gps_catcher/lib/python3.12/site-packages/gps_catcher/gps_listener (Copy).py
/home/noor/gps_ws/install/gps_catcher/lib/python3.12/site-packages/gps_catcher/test.py
/home/noor/gps_ws/install/gps_catcher/lib/python3.12/site-packages/gps_catcher/__pycache__/__init__.cpython-312.pyc
/home/noor/gps_ws/install/gps_catcher/lib/python3.12/site-packages/gps_catcher/__pycache__/listener.cpython-312.pyc
/home/noor/gps_ws/install/gps_catcher/lib/python3.12/site-packages/gps_catcher/__pycache__/listener (Copy).cpython-312.pyc
/home/noor/gps_ws/install/gps_catcher/lib/python3.12/site-packages/gps_catcher/__pycache__/hijacker.cpython-312.pyc
/home/noor/gps_ws/install/gps_catcher/lib/python3.12/site-packages/gps_catcher/__pycache__/spoofer.cpython-312.pyc
/home/noor/gps_ws/install/gps_catcher/lib/python3.12/site-packages/gps_catcher/__pycache__/gps_listener (Copy).cpython-312.pyc
/home/noor/gps_ws/install/gps_catcher/lib/python3.12/site-packages/gps_catcher/__pycache__/test.cpython-312.pyc
/home/noor/gps_ws/install/gps_catcher/share/ament_index/resource_index/packages/gps_catcher
/home/noor/gps_ws/install/gps_catcher/share/gps_catcher/package.xml
/home/noor/gps_ws/install/gps_catcher/lib/python3.12/site-packages/gps_catcher-0.0.0-py3.12.egg-info/SOURCES.txt
/home/noor/gps_ws/install/gps_catcher/lib/python3.12/site-packages/gps_catcher-0.0.0-py3.12.egg-info/dependency_links.txt
/home/noor/gps_ws/install/gps_catcher/lib/python3.12/site-packages/gps_catcher-0.0.0-py3.12.egg-info/PKG-INFO
/home/noor/gps_ws/install/gps_catcher/lib/python3.12/site-packages/gps_catcher-0.0.0-py3.12.egg-info/top_level.txt
/home/noor/gps_ws/install/gps_catcher/lib/python3.12/site-packages/gps_catcher-0.0.0-py3.12.egg-info/zip-safe
/home/noor/gps_ws/install/gps_catcher/lib/python3.12/site-packages/gps_catcher-0.0.0-py3.12.egg-info/requires.txt
/home/noor/gps_ws/install/gps_catcher/lib/python3.12/site-packages/gps_catcher-0.0.0-py3.12.egg-info/entry_points.txt
/home/noor/gps_ws/install/gps_catcher/lib/gps_catcher/gps_listener
/home/noor/gps_ws/install/gps_catcher/lib/gps_catcher/hijacker
