[0.807s] Invoking command in '/home/noor/gps_ws/build/gps_catcher': CMAKE_PREFIX_PATH=/home/noor/gps_ws/install/px4_msgs:/opt/ros/jazzy/opt/gz_sim_vendor:/opt/ros/jazzy/opt/gz_sensors_vendor:/opt/ros/jazzy/opt/gz_physics_vendor:/opt/ros/jazzy/opt/sdformat_vendor:/opt/ros/jazzy/opt/gz_gui_vendor:/opt/ros/jazzy/opt/gz_transport_vendor:/opt/ros/jazzy/opt/gz_rendering_vendor:/opt/ros/jazzy/opt/gz_plugin_vendor:/opt/ros/jazzy/opt/gz_fuel_tools_vendor:/opt/ros/jazzy/opt/gz_msgs_vendor:/opt/ros/jazzy/opt/gz_common_vendor:/opt/ros/jazzy/opt/gz_math_vendor:/opt/ros/jazzy/opt/gz_utils_vendor:/opt/ros/jazzy/opt/gz_tools_vendor:/opt/ros/jazzy/opt/gz_ogre_next_vendor:/opt/ros/jazzy/opt/gz_dartsim_vendor:/opt/ros/jazzy/opt/gz_cmake_vendor DEBUGINFOD_URLS=https://debuginfod.ubuntu.com LD_LIBRARY_PATH=/home/noor/gps_ws/install/px4_msgs/lib:/opt/ros/jazzy/opt/gz_sim_vendor/lib:/opt/ros/jazzy/opt/gz_sensors_vendor/lib:/opt/ros/jazzy/opt/gz_physics_vendor/lib:/opt/ros/jazzy/opt/sdformat_vendor/lib:/opt/ros/jazzy/opt/rviz_ogre_vendor/lib:/opt/ros/jazzy/lib/x86_64-linux-gnu:/opt/ros/jazzy/opt/gz_gui_vendor/lib:/opt/ros/jazzy/opt/gz_transport_vendor/lib:/opt/ros/jazzy/opt/gz_rendering_vendor/lib:/opt/ros/jazzy/opt/gz_plugin_vendor/lib:/opt/ros/jazzy/opt/gz_fuel_tools_vendor/lib:/opt/ros/jazzy/opt/gz_msgs_vendor/lib:/opt/ros/jazzy/opt/gz_common_vendor/lib:/opt/ros/jazzy/opt/gz_math_vendor/lib:/opt/ros/jazzy/opt/gz_utils_vendor/lib:/opt/ros/jazzy/opt/gz_tools_vendor/lib:/opt/ros/jazzy/opt/gz_ogre_next_vendor/lib:/opt/ros/jazzy/opt/gz_dartsim_vendor/lib:/opt/ros/jazzy/opt/gz_cmake_vendor/lib:/opt/ros/jazzy/lib PYTHONPATH=/home/noor/gps_ws/build/gps_catcher/prefix_override:/usr/lib/python3/dist-packages/colcon_core/task/python/colcon_distutils_commands:/home/noor/gps_ws/install/gps_catcher/lib/python3.12/site-packages:/home/noor/gps_ws/install/px4_msgs/lib/python3.12/site-packages:/home/noor/gps_ws/install/px4_msgs/lib/python3.11/site-packages:/opt/ros/jazzy/lib/python3.12/site-packages:/home/noor/gps_ws/install/gps_catcher/lib/python3.12/site-packages /usr/bin/python3.12 -W ignore:setup.py install is deprecated -W ignore:easy_install command is deprecated setup.py develop --editable --build-directory /home/noor/gps_ws/build/gps_catcher/build --no-deps symlink_data
[1.068s] running develop
[1.244s] running egg_info
[1.244s] creating gps_catcher.egg-info
[1.260s] writing gps_catcher.egg-info/PKG-INFO
[1.260s] writing dependency_links to gps_catcher.egg-info/dependency_links.txt
[1.260s] writing entry points to gps_catcher.egg-info/entry_points.txt
[1.260s] writing requirements to gps_catcher.egg-info/requires.txt
[1.260s] writing top-level names to gps_catcher.egg-info/top_level.txt
[1.260s] writing manifest file 'gps_catcher.egg-info/SOURCES.txt'
[1.291s] reading manifest file 'gps_catcher.egg-info/SOURCES.txt'
[1.292s] writing manifest file 'gps_catcher.egg-info/SOURCES.txt'
[1.309s] running build_ext
[1.309s] Creating /home/noor/gps_ws/install/gps_catcher/lib/python3.12/site-packages/gps-catcher.egg-link (link to .)
[1.309s] Installing gps_listener script to /home/noor/gps_ws/install/gps_catcher/lib/gps_catcher
[1.310s] 
[1.310s] Installed /home/noor/gps_ws/build/gps_catcher
[1.310s] running symlink_data
[1.310s] creating /home/noor/gps_ws/install/gps_catcher/share/ament_index
[1.310s] creating /home/noor/gps_ws/install/gps_catcher/share/ament_index/resource_index
[1.310s] creating /home/noor/gps_ws/install/gps_catcher/share/ament_index/resource_index/packages
[1.310s] symbolically linking /home/noor/gps_ws/build/gps_catcher/resource/gps_catcher -> /home/noor/gps_ws/install/gps_catcher/share/ament_index/resource_index/packages
[1.310s] symbolically linking /home/noor/gps_ws/build/gps_catcher/package.xml -> /home/noor/gps_ws/install/gps_catcher/share/gps_catcher
[1.347s] Invoked command in '/home/noor/gps_ws/build/gps_catcher' returned '0': CMAKE_PREFIX_PATH=/home/noor/gps_ws/install/px4_msgs:/opt/ros/jazzy/opt/gz_sim_vendor:/opt/ros/jazzy/opt/gz_sensors_vendor:/opt/ros/jazzy/opt/gz_physics_vendor:/opt/ros/jazzy/opt/sdformat_vendor:/opt/ros/jazzy/opt/gz_gui_vendor:/opt/ros/jazzy/opt/gz_transport_vendor:/opt/ros/jazzy/opt/gz_rendering_vendor:/opt/ros/jazzy/opt/gz_plugin_vendor:/opt/ros/jazzy/opt/gz_fuel_tools_vendor:/opt/ros/jazzy/opt/gz_msgs_vendor:/opt/ros/jazzy/opt/gz_common_vendor:/opt/ros/jazzy/opt/gz_math_vendor:/opt/ros/jazzy/opt/gz_utils_vendor:/opt/ros/jazzy/opt/gz_tools_vendor:/opt/ros/jazzy/opt/gz_ogre_next_vendor:/opt/ros/jazzy/opt/gz_dartsim_vendor:/opt/ros/jazzy/opt/gz_cmake_vendor DEBUGINFOD_URLS=https://debuginfod.ubuntu.com LD_LIBRARY_PATH=/home/noor/gps_ws/install/px4_msgs/lib:/opt/ros/jazzy/opt/gz_sim_vendor/lib:/opt/ros/jazzy/opt/gz_sensors_vendor/lib:/opt/ros/jazzy/opt/gz_physics_vendor/lib:/opt/ros/jazzy/opt/sdformat_vendor/lib:/opt/ros/jazzy/opt/rviz_ogre_vendor/lib:/opt/ros/jazzy/lib/x86_64-linux-gnu:/opt/ros/jazzy/opt/gz_gui_vendor/lib:/opt/ros/jazzy/opt/gz_transport_vendor/lib:/opt/ros/jazzy/opt/gz_rendering_vendor/lib:/opt/ros/jazzy/opt/gz_plugin_vendor/lib:/opt/ros/jazzy/opt/gz_fuel_tools_vendor/lib:/opt/ros/jazzy/opt/gz_msgs_vendor/lib:/opt/ros/jazzy/opt/gz_common_vendor/lib:/opt/ros/jazzy/opt/gz_math_vendor/lib:/opt/ros/jazzy/opt/gz_utils_vendor/lib:/opt/ros/jazzy/opt/gz_tools_vendor/lib:/opt/ros/jazzy/opt/gz_ogre_next_vendor/lib:/opt/ros/jazzy/opt/gz_dartsim_vendor/lib:/opt/ros/jazzy/opt/gz_cmake_vendor/lib:/opt/ros/jazzy/lib PYTHONPATH=/home/noor/gps_ws/build/gps_catcher/prefix_override:/usr/lib/python3/dist-packages/colcon_core/task/python/colcon_distutils_commands:/home/noor/gps_ws/install/gps_catcher/lib/python3.12/site-packages:/home/noor/gps_ws/install/px4_msgs/lib/python3.12/site-packages:/home/noor/gps_ws/install/px4_msgs/lib/python3.11/site-packages:/opt/ros/jazzy/lib/python3.12/site-packages:/home/noor/gps_ws/install/gps_catcher/lib/python3.12/site-packages /usr/bin/python3.12 -W ignore:setup.py install is deprecated -W ignore:easy_install command is deprecated setup.py develop --editable --build-directory /home/noor/gps_ws/build/gps_catcher/build --no-deps symlink_data
